<?xml version="1.0" encoding="UTF-8"?>
<!-- Generated by org.testng.reporters.JUnitXMLReporter -->
<<<<<<< HEAD
<testsuite ignored="0" hostname="LAPTOP-SKMVTQNR" failures="0" tests="1" name="Default test" time="51.796" errors="0" timestamp="2024-04-04T16:24:44 IST">
  <testcase classname="Shushmitha.TC_01_AddToCart_Test" name="TC01Test" time="13.673"/>
=======
<<<<<<< HEAD
<testsuite ignored="0" hostname="DESKTOP-GLLLVCE" failures="0" tests="1" name="Default test" time="14.765" errors="0" timestamp="2024-04-04T15:03:22 IST">
  <testcase classname="VarshiniJM.SearchForProduct" name="SearchProduct" time="3.18"/>
=======
<<<<<<< HEAD
<testsuite ignored="0" hostname="DESKTOP-GU16FJG" failures="0" tests="1" name="Default test" time="19.352" errors="0" timestamp="2024-04-04T15:52:18 IST">
  <testcase classname="Renuka.TC_LogoutFromApp_002_Test" name="logoutApp" time="9.011"/>
=======
<<<<<<< HEAD
<testsuite hostname="LAPTOP-T7V8GM1E" ignored="0" name="Default test" tests="1" failures="0" timestamp="2024-04-04T14:33:41 IST" time="37.265" errors="0">
  <testcase name="addToWishlist" time="25.257" classname="scripts_of_praneetha.AddToWishlist"/>
=======
<<<<<<< HEAD
<testsuite ignored="0" hostname="DESKTOP-7I80P5L" failures="0" tests="1" name="Default test" time="63.106" errors="0" timestamp="2024-04-04T15:45:34 IST">
  <testcase classname="Shushmitha.TC_01_AddToCart_Test" name="TC01Test" time="11.593"/>
=======
<<<<<<< HEAD
<testsuite ignored="0" hostname="Kirthiga" failures="0" tests="1" name="Default test" time="20.063" errors="0" timestamp="2024-04-04T15:35:01 IST">
  <testcase classname="Kirthiga.SearchAndAddToCart" name="shoppingCart" time="8.84"/>
=======
<testsuite ignored="0" hostname="DESKTOP-7I80P5L" failures="1" tests="1" name="Default test" time="149.869" errors="0" timestamp="2024-04-04T15:00:17 IST">
  <testcase classname="tanuja.TC02_BuyFromCartCOD" name="buyProduct" time="37.314">
    <failure type="org.openqa.selenium.ElementNotInteractableException" message="element not interactable
  (Session info: chrome=123.0.6312.105)
Build info: version: &amp;apos;4.12.1&amp;apos;, revision: &amp;apos;8e34639b11&amp;apos;
System info: os.name: &amp;apos;Windows 10&amp;apos;, os.arch: &amp;apos;amd64&amp;apos;, os.version: &amp;apos;10.0&amp;apos;, java.version: &amp;apos;20.0.2&amp;apos;
Driver info: org.openqa.selenium.chrome.ChromeDriver
Command: [afb9654f440b48dcf3adc720ae0abf84, clickElement {id=f.91B625B729BEDF27A863DF687A2163A0.d.0FBBD4E0B075F7D2960CD228A3EA3070.e.287}]
Capabilities {acceptInsecureCerts: false, browserName: chrome, browserVersion: 123.0.6312.105, chrome: {chromedriverVersion: 123.0.6312.86 (9b72c47a0536..., userDataDir: C:\Users\User\AppData\Local...}, fedcm:accounts: true, goog:chromeOptions: {debuggerAddress: localhost:55831}, networkConnectionEnabled: false, pageLoadStrategy: normal, platformName: windows, proxy: Proxy(), se:cdp: ws://localhost:55831/devtoo..., se:cdpVersion: 123.0.6312.105, setWindowRect: true, strictFileInteractability: false, timeouts: {implicit: 0, pageLoad: 300000, script: 30000}, unhandledPromptBehavior: dismiss and notify, webauthn:extension:credBlob: true, webauthn:extension:largeBlob: true, webauthn:extension:minPinLength: true, webauthn:extension:prf: true, webauthn:virtualAuthenticators: true}
Element: [[ChromeDriver: chrome on windows (afb9654f440b48dcf3adc720ae0abf84)] -&amp;gt; xpath: //div[contains(@id,&amp;apos;payment-method-buttons-container&amp;apos;)]/../..//input[@value=&amp;apos;Continue&amp;apos;]]
Session ID: afb9654f440b48dcf3adc720ae0abf84">
      <![CDATA[org.openqa.selenium.ElementNotInteractableException: element not interactable
  (Session info: chrome=123.0.6312.105)
Build info: version: '4.12.1', revision: '8e34639b11'
System info: os.name: 'Windows 10', os.arch: 'amd64', os.version: '10.0', java.version: '20.0.2'
Driver info: org.openqa.selenium.chrome.ChromeDriver
Command: [afb9654f440b48dcf3adc720ae0abf84, clickElement {id=f.91B625B729BEDF27A863DF687A2163A0.d.0FBBD4E0B075F7D2960CD228A3EA3070.e.287}]
Capabilities {acceptInsecureCerts: false, browserName: chrome, browserVersion: 123.0.6312.105, chrome: {chromedriverVersion: 123.0.6312.86 (9b72c47a0536..., userDataDir: C:\Users\User\AppData\Local...}, fedcm:accounts: true, goog:chromeOptions: {debuggerAddress: localhost:55831}, networkConnectionEnabled: false, pageLoadStrategy: normal, platformName: windows, proxy: Proxy(), se:cdp: ws://localhost:55831/devtoo..., se:cdpVersion: 123.0.6312.105, setWindowRect: true, strictFileInteractability: false, timeouts: {implicit: 0, pageLoad: 300000, script: 30000}, unhandledPromptBehavior: dismiss and notify, webauthn:extension:credBlob: true, webauthn:extension:largeBlob: true, webauthn:extension:minPinLength: true, webauthn:extension:prf: true, webauthn:virtualAuthenticators: true}
Element: [[ChromeDriver: chrome on windows (afb9654f440b48dcf3adc720ae0abf84)] -> xpath: //div[contains(@id,'payment-method-buttons-container')]/../..//input[@value='Continue']]
Session ID: afb9654f440b48dcf3adc720ae0abf84
at java.base/jdk.internal.reflect.DirectConstructorHandleAccessor.newInstance(DirectConstructorHandleAccessor.java:67)
at java.base/java.lang.reflect.Constructor.newInstanceWithCaller(Constructor.java:500)
at java.base/java.lang.reflect.Constructor.newInstance(Constructor.java:484)
at org.openqa.selenium.remote.codec.w3c.W3CHttpResponseCodec.createException(W3CHttpResponseCodec.java:200)
at org.openqa.selenium.remote.codec.w3c.W3CHttpResponseCodec.decode(W3CHttpResponseCodec.java:133)
at org.openqa.selenium.remote.codec.w3c.W3CHttpResponseCodec.decode(W3CHttpResponseCodec.java:52)
at org.openqa.selenium.remote.HttpCommandExecutor.execute(HttpCommandExecutor.java:191)
at org.openqa.selenium.remote.service.DriverCommandExecutor.invokeExecute(DriverCommandExecutor.java:196)
at org.openqa.selenium.remote.service.DriverCommandExecutor.execute(DriverCommandExecutor.java:171)
at org.openqa.selenium.remote.RemoteWebDriver.execute(RemoteWebDriver.java:602)
at org.openqa.selenium.remote.RemoteWebElement.execute(RemoteWebElement.java:224)
at org.openqa.selenium.remote.RemoteWebElement.click(RemoteWebElement.java:77)
at tanuja.TC02_BuyFromCartCOD.buyProduct(TC02_BuyFromCartCOD.java:26)
at java.base/jdk.internal.reflect.DirectMethodHandleAccessor.invoke(DirectMethodHandleAccessor.java:104)
at java.base/java.lang.reflect.Method.invoke(Method.java:578)
at org.testng.internal.MethodInvocationHelper.invokeMethod(MethodInvocationHelper.java:132)
at org.testng.internal.TestInvoker.invokeMethod(TestInvoker.java:599)
at org.testng.internal.TestInvoker.invokeTestMethod(TestInvoker.java:174)
at org.testng.internal.MethodRunner.runInSequence(MethodRunner.java:46)
at org.testng.internal.TestInvoker$MethodInvocationAgent.invoke(TestInvoker.java:822)
at org.testng.internal.TestInvoker.invokeTestMethods(TestInvoker.java:147)
at org.testng.internal.TestMethodWorker.invokeTestMethods(TestMethodWorker.java:146)
at org.testng.internal.TestMethodWorker.run(TestMethodWorker.java:128)
at java.base/java.util.ArrayList.forEach(ArrayList.java:1511)
at org.testng.TestRunner.privateRun(TestRunner.java:764)
at org.testng.TestRunner.run(TestRunner.java:585)
at org.testng.SuiteRunner.runTest(SuiteRunner.java:384)
at org.testng.SuiteRunner.runSequentially(SuiteRunner.java:378)
at org.testng.SuiteRunner.privateRun(SuiteRunner.java:337)
at org.testng.SuiteRunner.run(SuiteRunner.java:286)
at org.testng.SuiteRunnerWorker.runSuite(SuiteRunnerWorker.java:53)
at org.testng.SuiteRunnerWorker.run(SuiteRunnerWorker.java:96)
at org.testng.TestNG.runSuitesSequentially(TestNG.java:1218)
at org.testng.TestNG.runSuitesLocally(TestNG.java:1140)
at org.testng.TestNG.runSuites(TestNG.java:1069)
at org.testng.TestNG.run(TestNG.java:1037)
at org.testng.remote.AbstractRemoteTestNG.run(AbstractRemoteTestNG.java:115)
at org.testng.remote.RemoteTestNG.initAndRun(RemoteTestNG.java:251)
at org.testng.remote.RemoteTestNG.main(RemoteTestNG.java:77)
]]>
    </failure>
  </testcase> <!-- buyProduct -->
>>>>>>> branch 'master' of https://github.com/Nammu2620/FrameWorkFLN.git
>>>>>>> branch 'master' of https://github.com/Nammu2620/FrameWorkFLN.git
>>>>>>> branch 'master' of https://github.com/Nammu2620/FrameWorkFLN.git
>>>>>>> branch 'master' of https://github.com/Nammu2620/FrameWorkFLN.git
>>>>>>> branch 'master' of https://github.com/Nammu2620/FrameWorkFLN.git
>>>>>>> branch 'master' of https://github.com/Nammu2620/FrameWorkFLN.git
</testsuite> <!-- Default test -->
